2006.05.05 00:09 B C:\cygwin\home\kshort\kshort.oxmicro\www.oxmicro.com\var\www\html\images\sun_certified_logo\Java_Logo_Guidelines.pdf --> ftp.oxmicro.com /images/sun_certified_logo Java_Logo_Guidelines.pdf
2006.05.05 00:09 B C:\cygwin\home\kshort\kshort.oxmicro\www.oxmicro.com\var\www\html\images\sun_certified_logo\JavCertDev-32.jpg --> ftp.oxmicro.com /images/sun_certified_logo JavCertDev-32.jpg
2006.05.05 00:09 B C:\cygwin\home\kshort\kshort.oxmicro\www.oxmicro.com\var\www\html\images\sun_certified_logo\JavCertDev-48.jpg --> ftp.oxmicro.com /images/sun_certified_logo JavCertDev-48.jpg
2006.05.05 00:09 B C:\cygwin\home\kshort\kshort.oxmicro\www.oxmicro.com\var\www\html\images\sun_certified_logo\JavCertDev-64.jpg --> ftp.oxmicro.com /images/sun_certified_logo JavCertDev-64.jpg
2006.05.05 00:09 B C:\cygwin\home\kshort\kshort.oxmicro\www.oxmicro.com\var\www\html\images\sun_certified_logo\JavCertDev-96.jpg --> ftp.oxmicro.com /images/sun_certified_logo JavCertDev-96.jpg
2006.05.05 00:09 B C:\cygwin\home\kshort\kshort.oxmicro\www.oxmicro.com\var\www\html\images\sun_certified_logo\JavCertDev.ai --> ftp.oxmicro.com /images/sun_certified_logo JavCertDev.ai
2006.05.05 00:09 B C:\cygwin\home\kshort\kshort.oxmicro\www.oxmicro.com\var\www\html\images\sun_certified_logo\JavCertDev.DkBkgd.ai --> ftp.oxmicro.com /images/sun_certified_logo JavCertDev.DkBkgd.ai
2006.05.05 00:09 B C:\cygwin\home\kshort\kshort.oxmicro\www.oxmicro.com\var\www\html\images\sun_certified_logo\JavCertDev.DkBkgd.EPS --> ftp.oxmicro.com /images/sun_certified_logo JavCertDev.DkBkgd.EPS
2006.05.05 00:09 B C:\cygwin\home\kshort\kshort.oxmicro\www.oxmicro.com\var\www\html\images\sun_certified_logo\JavCertDev.DkBkgd.gif --> ftp.oxmicro.com /images/sun_certified_logo JavCertDev.DkBkgd.gif
2006.05.05 00:09 B C:\cygwin\home\kshort\kshort.oxmicro\www.oxmicro.com\var\www\html\images\sun_certified_logo\JavCertDev.DkBkgd.jpg --> ftp.oxmicro.com /images/sun_certified_logo JavCertDev.DkBkgd.jpg
2006.05.05 00:09 B C:\cygwin\home\kshort\kshort.oxmicro\www.oxmicro.com\var\www\html\images\sun_certified_logo\JavCertDev.DkBkgd.pdf --> ftp.oxmicro.com /images/sun_certified_logo JavCertDev.DkBkgd.pdf
2006.05.05 00:09 B C:\cygwin\home\kshort\kshort.oxmicro\www.oxmicro.com\var\www\html\images\sun_certified_logo\JavCertDev.DkBkgd.TIF --> ftp.oxmicro.com /images/sun_certified_logo JavCertDev.DkBkgd.TIF
2006.05.05 00:09 B C:\cygwin\home\kshort\kshort.oxmicro\www.oxmicro.com\var\www\html\images\sun_certified_logo\JavCertDev.eps --> ftp.oxmicro.com /images/sun_certified_logo JavCertDev.eps
2006.05.05 00:09 B C:\cygwin\home\kshort\kshort.oxmicro\www.oxmicro.com\var\www\html\images\sun_certified_logo\JavCertDev.gif --> ftp.oxmicro.com /images/sun_certified_logo JavCertDev.gif
2006.05.05 00:09 B C:\cygwin\home\kshort\kshort.oxmicro\www.oxmicro.com\var\www\html\images\sun_certified_logo\JavCertDev.jpg --> ftp.oxmicro.com /images/sun_certified_logo JavCertDev.jpg
2006.05.05 00:09 B C:\cygwin\home\kshort\kshort.oxmicro\www.oxmicro.com\var\www\html\images\sun_certified_logo\JavCertDev.pdf --> ftp.oxmicro.com /images/sun_certified_logo JavCertDev.pdf
2006.05.05 00:10 B C:\cygwin\home\kshort\kshort.oxmicro\www.oxmicro.com\var\www\html\images\sun_certified_logo\JavCertDev.TIF --> ftp.oxmicro.com /images/sun_certified_logo JavCertDev.TIF
2006.05.05 00:12 B C:\cygwin\home\kshort\kshort.oxmicro\www.oxmicro.com\var\www\html\images\sun_certified_logo\JavCertDev4c.ai --> ftp.oxmicro.com /images/sun_certified_logo JavCertDev4c.ai
2006.05.05 00:13 B C:\cygwin\home\kshort\kshort.oxmicro\www.oxmicro.com\var\www\html\images\sun_certified_logo\JavCertDev4c.EPS --> ftp.oxmicro.com /images/sun_certified_logo JavCertDev4c.EPS
2006.05.05 00:13 B C:\cygwin\home\kshort\kshort.oxmicro\www.oxmicro.com\var\www\html\images\sun_certified_logo\JavCertDev4c.gif --> ftp.oxmicro.com /images/sun_certified_logo JavCertDev4c.gif
2006.05.05 00:13 B C:\cygwin\home\kshort\kshort.oxmicro\www.oxmicro.com\var\www\html\images\sun_certified_logo\JavCertDev4c.jpg --> ftp.oxmicro.com /images/sun_certified_logo JavCertDev4c.jpg
2006.05.05 00:13 B C:\cygwin\home\kshort\kshort.oxmicro\www.oxmicro.com\var\www\html\images\sun_certified_logo\JavCertDev4c.pdf --> ftp.oxmicro.com /images/sun_certified_logo JavCertDev4c.pdf
2006.05.05 00:13 B C:\cygwin\home\kshort\kshort.oxmicro\www.oxmicro.com\var\www\html\images\sun_certified_logo\JavCertDev4c.TIF --> ftp.oxmicro.com /images/sun_certified_logo JavCertDev4c.TIF
2006.05.05 00:13 B C:\cygwin\home\kshort\kshort.oxmicro\www.oxmicro.com\var\www\html\images\sun_certified_logo\WS_FTP.LOG --> ftp.oxmicro.com /images/sun_certified_logo WS_FTP.LOG
